Fecha: 2024-10-30 10:12:41
Para: admin@correo.es
Asunto: Verificación de cuenta
Mensaje: 
Por favor, verifica tu cuenta haciendo clic en este enlace: http://localhost/PHP/PHP_proyecto/verificar.php?token=923d14a001f55f59c4869e6ab5ddfd401f2cae6a9696d79a2c88ba3538b10ef0
__________________________________

Fecha: 2024-10-30 10:17:11
Para: admin@correo.es
Asunto: Recuperación de contraseña
Mensaje: 
Para restablecer tu contraseña, haz click en este enlace: http://localhost/PHP/PHP_proyecto/restablecer.php?token=ccf90ab812d063fe9eceae3834e0535dd23c985077b5dfe4f9954e6f567ef02f
__________________________________

Fecha: 2024-10-30 10:19:11
Para: admin@correo.es
Asunto: Verificación de cuenta
Mensaje: 
Por favor, verifica tu cuenta haciendo clic en este enlace: http://localhost/PHP/PHP_proyecto/verificar.php?token=3b1060b4dc680ccadb2a712e07fd9b155002a2279951a8f25f6d62515251f01b
__________________________________

Fecha: 2024-11-12 08:25:48
Para: admin@admin.es
Asunto: Verificación de cuenta
Mensaje: 
Por favor, verifica tu cuenta haciendo clic en este enlace: http://localhost/PHP/PHP_proyecto/verificar.php?token=ca75844cabb903e567cd3c5a7f0e7f961cf112a19945260417c3d7efbad267e5
__________________________________

